root@OPNsense:~ # ifconfig
re0: flags=8843<UP,BROADCAST,RUNNING,SIMPLEX,MULTICAST> metric 0 mtu 1500
	description: LAN (lan)
	options=82088<VLAN_MTU,VLAN_HWCSUM,WOL_MAGIC,LINKSTATE>
	ether 64:00:6a:1e:59:3b
	inet 10.0.1.1 netmask 0xffffff00 broadcast 10.0.1.255
	media: Ethernet autoselect (1000baseT <full-duplex,master>)
	status: active
	nd6 options=29<PERFORMNUD,IFDISABLED,AUTO_LINKLOCAL>
enc0: flags=0<> metric 0 mtu 1536
	groups: enc
	nd6 options=29<PERFORMNUD,IFDISABLED,AUTO_LINKLOCAL>
lo0: flags=8049<UP,LOOPBACK,RUNNING,MULTICAST> metric 0 mtu 16384
	options=680003<RXCSUM,TXCSUM,LINKSTATE,RXCSUM_IPV6,TXCSUM_IPV6>
	inet6 ::1 prefixlen 128
	inet6 fe80::1%lo0 prefixlen 64 scopeid 0x3
	inet 127.0.0.1 netmask 0xff000000
	groups: lo
	nd6 options=21<PERFORMNUD,AUTO_LINKLOCAL>
pfsync0: flags=0<> metric 0 mtu 1500
	syncpeer: 0.0.0.0 maxupd: 128 defer: off
	syncok: 1
	groups: pfsync
pflog0: flags=20100<PROMISC,PPROMISC> metric 0 mtu 33160
	groups: pflog
ath0_wlan1: flags=8843<UP,BROADCAST,RUNNING,SIMPLEX,MULTICAST> metric 0 mtu 1500
	description: WAN (wan)
	ether 48:e2:44:2e:4c:f3
	inet6 fe80::4ae2:44ff:fe2e:4cf3%ath0_wlan1 prefixlen 64 scopeid 0x6
	inet 192.168.1.144 netmask 0xffffff00 broadcast 192.168.1.255
	groups: wlan
	ssid TheMink channel 8 (2447 MHz 11g ht/20) bssid c2:a5:11:2c:ac:54
	regdomain 108 indoor ecm authmode WPA2/802.11i privacy ON
	deftxkey UNDEF AES-CCM 2:128-bit txpower 20 bmiss 7 scanvalid 60
	protmode OFF ampdulimit 64k shortgi -stbctx stbcrx -ldpc -uapsd burst
	roaming MANUAL
	parent interface: ath0
	media: IEEE 802.11 Wireless Ethernet MCS mode 11ng
	status: associated
	nd6 options=23<PERFORMNUD,ACCEPT_RTADV,AUTO_LINKLOCAL>
